2022-04-20 15:49:23,079 INFO    MainThread:1288 [internal.py:wandb_internal():91] W&B internal server running at pid: 1288, started at: 2022-04-20 15:49:23.079182
2022-04-20 15:49:23,082 DEBUG   HandlerThread:1288 [handler.py:handle_request():120] handle_request: check_version
2022-04-20 15:49:23,082 INFO    WriterThread:1288 [datastore.py:open_for_write():77] open: /workspace/graph-neural-pde/src/wandb/run-20220420_154921-2kih7qyj/run-2kih7qyj.wandb
2022-04-20 15:49:23,086 DEBUG   SenderThread:1288 [sender.py:send():160] send: header
2022-04-20 15:49:23,086 DEBUG   SenderThread:1288 [sender.py:send():160] send: request
2022-04-20 15:49:23,086 DEBUG   SenderThread:1288 [sender.py:send_request():169] send_request: check_version
2022-04-20 15:49:23,275 DEBUG   SenderThread:1288 [sender.py:send():160] send: run
2022-04-20 15:49:23,663 INFO    SenderThread:1288 [sender.py:_start_run_threads():654] run started: 2kih7qyj with start time 1650469761
2022-04-20 15:49:23,664 DEBUG   SenderThread:1288 [sender.py:send():160] send: summary
2022-04-20 15:49:23,664 DEBUG   HandlerThread:1288 [handler.py:handle_request():120] handle_request: run_start
2022-04-20 15:49:23,665 INFO    SenderThread:1288 [sender.py:_save_file():781] saving file wandb-summary.json with policy end
2022-04-20 15:49:26,900 DEBUG   HandlerThread:1288 [meta.py:__init__():39] meta init
2022-04-20 15:49:26,901 DEBUG   HandlerThread:1288 [meta.py:__init__():53] meta init done
2022-04-20 15:49:26,901 DEBUG   HandlerThread:1288 [meta.py:probe():210] probe
2022-04-20 15:49:26,904 DEBUG   HandlerThread:1288 [meta.py:_setup_git():200] setup git
2022-04-20 15:49:26,935 DEBUG   HandlerThread:1288 [meta.py:_setup_git():207] setup git done
2022-04-20 15:49:26,935 DEBUG   HandlerThread:1288 [meta.py:_save_pip():57] save pip
2022-04-20 15:49:26,936 DEBUG   HandlerThread:1288 [meta.py:_save_pip():71] save pip done
2022-04-20 15:49:26,936 DEBUG   HandlerThread:1288 [meta.py:_save_conda():78] save conda
2022-04-20 15:49:28,540 DEBUG   HandlerThread:1288 [meta.py:_save_conda():86] save conda done
2022-04-20 15:49:28,541 DEBUG   HandlerThread:1288 [meta.py:probe():252] probe done
2022-04-20 15:49:28,558 DEBUG   SenderThread:1288 [sender.py:send():160] send: files
2022-04-20 15:49:28,558 INFO    SenderThread:1288 [sender.py:_save_file():781] saving file wandb-metadata.json with policy now
2022-04-20 15:49:28,565 DEBUG   HandlerThread:1288 [handler.py:handle_request():120] handle_request: status
2022-04-20 15:49:28,578 DEBUG   SenderThread:1288 [sender.py:send():160] send: request
2022-04-20 15:49:28,580 DEBUG   SenderThread:1288 [sender.py:send_request():169] send_request: status
2022-04-20 15:49:44,429 DEBUG   HandlerThread:1288 [handler.py:handle_request():120] handle_request: status
2022-04-20 15:49:44,429 DEBUG   SenderThread:1288 [sender.py:send():160] send: request
2022-04-20 15:49:44,429 DEBUG   SenderThread:1288 [sender.py:send_request():169] send_request: status
2022-04-20 15:49:47,365 DEBUG   SenderThread:1288 [sender.py:send():160] send: history
2022-04-20 15:49:47,365 DEBUG   SenderThread:1288 [sender.py:send():160] send: summary
2022-04-20 15:49:47,365 INFO    SenderThread:1288 [sender.py:_save_file():781] saving file wandb-summary.json with policy end
2022-04-20 15:49:55,341 DEBUG   SenderThread:1288 [sender.py:send():160] send: stats
2022-04-20 15:49:59,807 DEBUG   HandlerThread:1288 [handler.py:handle_request():120] handle_request: status
2022-04-20 15:49:59,807 DEBUG   SenderThread:1288 [sender.py:send():160] send: request
2022-04-20 15:49:59,807 DEBUG   SenderThread:1288 [sender.py:send_request():169] send_request: status
2022-04-20 15:50:05,695 DEBUG   SenderThread:1288 [sender.py:send():160] send: history
2022-04-20 15:50:05,695 DEBUG   SenderThread:1288 [sender.py:send():160] send: summary
2022-04-20 15:50:05,697 INFO    SenderThread:1288 [sender.py:_save_file():781] saving file wandb-summary.json with policy end
2022-04-20 15:50:15,175 DEBUG   HandlerThread:1288 [handler.py:handle_request():120] handle_request: status
2022-04-20 15:50:15,175 DEBUG   SenderThread:1288 [sender.py:send():160] send: request
2022-04-20 15:50:15,176 DEBUG   SenderThread:1288 [sender.py:send_request():169] send_request: status
2022-04-20 15:50:24,233 DEBUG   SenderThread:1288 [sender.py:send():160] send: history
2022-04-20 15:50:24,233 DEBUG   SenderThread:1288 [sender.py:send():160] send: summary
2022-04-20 15:50:24,233 INFO    SenderThread:1288 [sender.py:_save_file():781] saving file wandb-summary.json with policy end
2022-04-20 15:50:25,795 DEBUG   SenderThread:1288 [sender.py:send():160] send: stats
2022-04-20 15:50:30,559 DEBUG   HandlerThread:1288 [handler.py:handle_request():120] handle_request: status
2022-04-20 15:50:30,559 DEBUG   SenderThread:1288 [sender.py:send():160] send: request
2022-04-20 15:50:30,559 DEBUG   SenderThread:1288 [sender.py:send_request():169] send_request: status
2022-04-20 15:50:43,270 DEBUG   SenderThread:1288 [sender.py:send():160] send: history
2022-04-20 15:50:43,270 DEBUG   SenderThread:1288 [sender.py:send():160] send: summary
2022-04-20 15:50:43,270 INFO    SenderThread:1288 [sender.py:_save_file():781] saving file wandb-summary.json with policy end
2022-04-20 15:50:45,916 DEBUG   HandlerThread:1288 [handler.py:handle_request():120] handle_request: status
2022-04-20 15:50:45,916 DEBUG   SenderThread:1288 [sender.py:send():160] send: request
2022-04-20 15:50:45,916 DEBUG   SenderThread:1288 [sender.py:send_request():169] send_request: status
2022-04-20 15:50:56,177 DEBUG   SenderThread:1288 [sender.py:send():160] send: stats
2022-04-20 15:51:01,288 DEBUG   HandlerThread:1288 [handler.py:handle_request():120] handle_request: status
2022-04-20 15:51:01,288 DEBUG   SenderThread:1288 [sender.py:send():160] send: request
2022-04-20 15:51:01,289 DEBUG   SenderThread:1288 [sender.py:send_request():169] send_request: status
2022-04-20 15:51:04,168 DEBUG   SenderThread:1288 [sender.py:send():160] send: history
2022-04-20 15:51:04,169 DEBUG   SenderThread:1288 [sender.py:send():160] send: summary
2022-04-20 15:51:04,169 INFO    SenderThread:1288 [sender.py:_save_file():781] saving file wandb-summary.json with policy end
2022-04-20 15:51:16,659 DEBUG   HandlerThread:1288 [handler.py:handle_request():120] handle_request: status
2022-04-20 15:51:16,661 DEBUG   SenderThread:1288 [sender.py:send():160] send: request
2022-04-20 15:51:16,661 DEBUG   SenderThread:1288 [sender.py:send_request():169] send_request: status
2022-04-20 15:51:24,301 DEBUG   SenderThread:1288 [sender.py:send():160] send: history
2022-04-20 15:51:24,301 DEBUG   SenderThread:1288 [sender.py:send():160] send: summary
2022-04-20 15:51:24,302 INFO    SenderThread:1288 [sender.py:_save_file():781] saving file wandb-summary.json with policy end
2022-04-20 15:51:26,552 DEBUG   SenderThread:1288 [sender.py:send():160] send: stats
2022-04-20 15:51:32,050 DEBUG   HandlerThread:1288 [handler.py:handle_request():120] handle_request: status
2022-04-20 15:51:32,051 DEBUG   SenderThread:1288 [sender.py:send():160] send: request
2022-04-20 15:51:32,051 DEBUG   SenderThread:1288 [sender.py:send_request():169] send_request: status
2022-04-20 15:51:45,195 DEBUG   SenderThread:1288 [sender.py:send():160] send: history
2022-04-20 15:51:45,195 DEBUG   SenderThread:1288 [sender.py:send():160] send: summary
2022-04-20 15:51:45,196 INFO    SenderThread:1288 [sender.py:_save_file():781] saving file wandb-summary.json with policy end
2022-04-20 15:51:47,945 DEBUG   HandlerThread:1288 [handler.py:handle_request():120] handle_request: status
2022-04-20 15:51:47,946 DEBUG   SenderThread:1288 [sender.py:send():160] send: request
2022-04-20 15:51:47,946 DEBUG   SenderThread:1288 [sender.py:send_request():169] send_request: status
2022-04-20 15:51:56,944 DEBUG   SenderThread:1288 [sender.py:send():160] send: stats
2022-04-20 15:52:03,317 DEBUG   HandlerThread:1288 [handler.py:handle_request():120] handle_request: status
2022-04-20 15:52:03,318 DEBUG   SenderThread:1288 [sender.py:send():160] send: request
2022-04-20 15:52:03,318 DEBUG   SenderThread:1288 [sender.py:send_request():169] send_request: status
2022-04-20 15:52:04,748 DEBUG   SenderThread:1288 [sender.py:send():160] send: history
2022-04-20 15:52:04,749 DEBUG   SenderThread:1288 [sender.py:send():160] send: summary
2022-04-20 15:52:04,750 INFO    SenderThread:1288 [sender.py:_save_file():781] saving file wandb-summary.json with policy end
2022-04-20 15:52:18,667 DEBUG   HandlerThread:1288 [handler.py:handle_request():120] handle_request: status
2022-04-20 15:52:18,667 DEBUG   SenderThread:1288 [sender.py:send():160] send: request
2022-04-20 15:52:18,667 DEBUG   SenderThread:1288 [sender.py:send_request():169] send_request: status
2022-04-20 15:52:23,321 DEBUG   SenderThread:1288 [sender.py:send():160] send: history
2022-04-20 15:52:23,321 DEBUG   SenderThread:1288 [sender.py:send():160] send: summary
2022-04-20 15:52:23,322 INFO    SenderThread:1288 [sender.py:_save_file():781] saving file wandb-summary.json with policy end
2022-04-20 15:52:27,338 DEBUG   SenderThread:1288 [sender.py:send():160] send: stats
2022-04-20 15:52:34,047 DEBUG   HandlerThread:1288 [handler.py:handle_request():120] handle_request: status
2022-04-20 15:52:34,048 DEBUG   SenderThread:1288 [sender.py:send():160] send: request
2022-04-20 15:52:34,048 DEBUG   SenderThread:1288 [sender.py:send_request():169] send_request: status
2022-04-20 15:52:39,504 DEBUG   SenderThread:1288 [sender.py:send():160] send: history
2022-04-20 15:52:39,504 DEBUG   SenderThread:1288 [sender.py:send():160] send: summary
2022-04-20 15:52:39,505 INFO    SenderThread:1288 [sender.py:_save_file():781] saving file wandb-summary.json with policy end
2022-04-20 15:52:49,877 DEBUG   HandlerThread:1288 [handler.py:handle_request():120] handle_request: status
2022-04-20 15:52:49,878 DEBUG   SenderThread:1288 [sender.py:send():160] send: request
2022-04-20 15:52:49,878 DEBUG   SenderThread:1288 [sender.py:send_request():169] send_request: status
2022-04-20 15:52:53,064 DEBUG   SenderThread:1288 [sender.py:send():160] send: history
2022-04-20 15:52:53,064 DEBUG   SenderThread:1288 [sender.py:send():160] send: summary
2022-04-20 15:52:53,065 INFO    SenderThread:1288 [sender.py:_save_file():781] saving file wandb-summary.json with policy end
2022-04-20 15:52:57,533 DEBUG   SenderThread:1288 [sender.py:send():160] send: stats
2022-04-20 15:53:05,219 DEBUG   HandlerThread:1288 [handler.py:handle_request():120] handle_request: status
2022-04-20 15:53:05,219 DEBUG   SenderThread:1288 [sender.py:send():160] send: request
2022-04-20 15:53:05,219 DEBUG   SenderThread:1288 [sender.py:send_request():169] send_request: status
2022-04-20 15:53:12,398 DEBUG   SenderThread:1288 [sender.py:send():160] send: history
2022-04-20 15:53:12,398 DEBUG   SenderThread:1288 [sender.py:send():160] send: summary
2022-04-20 15:53:12,399 INFO    SenderThread:1288 [sender.py:_save_file():781] saving file wandb-summary.json with policy end
2022-04-20 15:53:20,068 DEBUG   SenderThread:1288 [sender.py:send():160] send: history
2022-04-20 15:53:20,069 DEBUG   SenderThread:1288 [sender.py:send():160] send: summary
2022-04-20 15:53:20,069 INFO    SenderThread:1288 [sender.py:_save_file():781] saving file wandb-summary.json with policy end
2022-04-20 15:53:20,597 DEBUG   HandlerThread:1288 [handler.py:handle_request():120] handle_request: status
2022-04-20 15:53:20,598 DEBUG   SenderThread:1288 [sender.py:send():160] send: request
2022-04-20 15:53:20,598 DEBUG   SenderThread:1288 [sender.py:send_request():169] send_request: status
2022-04-20 15:53:25,458 DEBUG   SenderThread:1288 [sender.py:send():160] send: history
2022-04-20 15:53:25,459 DEBUG   SenderThread:1288 [sender.py:send():160] send: summary
2022-04-20 15:53:25,460 INFO    SenderThread:1288 [sender.py:_save_file():781] saving file wandb-summary.json with policy end
2022-04-20 15:53:27,838 DEBUG   SenderThread:1288 [sender.py:send():160] send: stats
2022-04-20 15:53:35,092 DEBUG   SenderThread:1288 [sender.py:send():160] send: history
2022-04-20 15:53:35,093 DEBUG   SenderThread:1288 [sender.py:send():160] send: summary
2022-04-20 15:53:35,093 INFO    SenderThread:1288 [sender.py:_save_file():781] saving file wandb-summary.json with policy end
2022-04-20 15:53:35,946 DEBUG   HandlerThread:1288 [handler.py:handle_request():120] handle_request: status
2022-04-20 15:53:35,946 DEBUG   SenderThread:1288 [sender.py:send():160] send: request
2022-04-20 15:53:35,947 DEBUG   SenderThread:1288 [sender.py:send_request():169] send_request: status
2022-04-20 15:53:41,242 DEBUG   SenderThread:1288 [sender.py:send():160] send: history
2022-04-20 15:53:41,242 DEBUG   SenderThread:1288 [sender.py:send():160] send: summary
2022-04-20 15:53:41,242 INFO    SenderThread:1288 [sender.py:_save_file():781] saving file wandb-summary.json with policy end
2022-04-20 15:53:50,291 DEBUG   SenderThread:1288 [sender.py:send():160] send: history
2022-04-20 15:53:50,291 DEBUG   SenderThread:1288 [sender.py:send():160] send: summary
2022-04-20 15:53:50,291 INFO    SenderThread:1288 [sender.py:_save_file():781] saving file wandb-summary.json with policy end
2022-04-20 15:53:51,381 DEBUG   HandlerThread:1288 [handler.py:handle_request():120] handle_request: status
2022-04-20 15:53:51,381 DEBUG   SenderThread:1288 [sender.py:send():160] send: request
2022-04-20 15:53:51,381 DEBUG   SenderThread:1288 [sender.py:send_request():169] send_request: status
2022-04-20 15:53:55,243 DEBUG   SenderThread:1288 [sender.py:send():160] send: history
2022-04-20 15:53:55,244 DEBUG   SenderThread:1288 [sender.py:send():160] send: summary
2022-04-20 15:53:55,245 INFO    SenderThread:1288 [sender.py:_save_file():781] saving file wandb-summary.json with policy end
2022-04-20 15:53:57,971 DEBUG   SenderThread:1288 [sender.py:send():160] send: stats
2022-04-20 15:54:01,227 DEBUG   SenderThread:1288 [sender.py:send():160] send: history
2022-04-20 15:54:01,228 DEBUG   SenderThread:1288 [sender.py:send():160] send: summary
2022-04-20 15:54:01,228 INFO    SenderThread:1288 [sender.py:_save_file():781] saving file wandb-summary.json with policy end
2022-04-20 15:54:08,144 DEBUG   SenderThread:1288 [sender.py:send():160] send: history
2022-04-20 15:54:08,144 DEBUG   SenderThread:1288 [sender.py:send():160] send: summary
2022-04-20 15:54:08,144 INFO    SenderThread:1288 [sender.py:_save_file():781] saving file wandb-summary.json with policy end
2022-04-20 15:54:08,762 DEBUG   HandlerThread:1288 [handler.py:handle_request():120] handle_request: status
2022-04-20 15:54:08,762 DEBUG   SenderThread:1288 [sender.py:send():160] send: request
2022-04-20 15:54:08,762 DEBUG   SenderThread:1288 [sender.py:send_request():169] send_request: status
2022-04-20 15:54:14,746 DEBUG   SenderThread:1288 [sender.py:send():160] send: history
2022-04-20 15:54:14,746 DEBUG   SenderThread:1288 [sender.py:send():160] send: summary
2022-04-20 15:54:14,756 INFO    SenderThread:1288 [sender.py:_save_file():781] saving file wandb-summary.json with policy end
2022-04-20 15:54:21,400 DEBUG   SenderThread:1288 [sender.py:send():160] send: history
2022-04-20 15:54:21,400 DEBUG   SenderThread:1288 [sender.py:send():160] send: summary
2022-04-20 15:54:21,401 INFO    SenderThread:1288 [sender.py:_save_file():781] saving file wandb-summary.json with policy end
2022-04-20 15:54:24,097 DEBUG   HandlerThread:1288 [handler.py:handle_request():120] handle_request: status
2022-04-20 15:54:24,097 DEBUG   SenderThread:1288 [sender.py:send():160] send: request
2022-04-20 15:54:24,097 DEBUG   SenderThread:1288 [sender.py:send_request():169] send_request: status
2022-04-20 15:54:27,317 DEBUG   SenderThread:1288 [sender.py:send():160] send: history
2022-04-20 15:54:27,317 DEBUG   SenderThread:1288 [sender.py:send():160] send: summary
2022-04-20 15:54:27,318 INFO    SenderThread:1288 [sender.py:_save_file():781] saving file wandb-summary.json with policy end
2022-04-20 15:54:28,158 DEBUG   SenderThread:1288 [sender.py:send():160] send: stats
2022-04-20 15:54:32,540 DEBUG   SenderThread:1288 [sender.py:send():160] send: history
2022-04-20 15:54:32,540 DEBUG   SenderThread:1288 [sender.py:send():160] send: summary
2022-04-20 15:54:32,541 INFO    SenderThread:1288 [sender.py:_save_file():781] saving file wandb-summary.json with policy end
2022-04-20 15:54:38,811 DEBUG   SenderThread:1288 [sender.py:send():160] send: history
2022-04-20 15:54:38,811 DEBUG   SenderThread:1288 [sender.py:send():160] send: summary
2022-04-20 15:54:38,812 INFO    SenderThread:1288 [sender.py:_save_file():781] saving file wandb-summary.json with policy end
2022-04-20 15:54:39,458 DEBUG   HandlerThread:1288 [handler.py:handle_request():120] handle_request: status
2022-04-20 15:54:39,459 DEBUG   SenderThread:1288 [sender.py:send():160] send: request
2022-04-20 15:54:39,459 DEBUG   SenderThread:1288 [sender.py:send_request():169] send_request: status
2022-04-20 15:54:47,546 DEBUG   SenderThread:1288 [sender.py:send():160] send: history
2022-04-20 15:54:47,547 DEBUG   SenderThread:1288 [sender.py:send():160] send: summary
2022-04-20 15:54:47,548 INFO    SenderThread:1288 [sender.py:_save_file():781] saving file wandb-summary.json with policy end
2022-04-20 15:54:53,824 DEBUG   SenderThread:1288 [sender.py:send():160] send: history
2022-04-20 15:54:53,825 DEBUG   SenderThread:1288 [sender.py:send():160] send: summary
2022-04-20 15:54:53,827 INFO    SenderThread:1288 [sender.py:_save_file():781] saving file wandb-summary.json with policy end
2022-04-20 15:54:54,856 DEBUG   HandlerThread:1288 [handler.py:handle_request():120] handle_request: status
2022-04-20 15:54:54,857 DEBUG   SenderThread:1288 [sender.py:send():160] send: request
2022-04-20 15:54:54,857 DEBUG   SenderThread:1288 [sender.py:send_request():169] send_request: status
2022-04-20 15:54:58,397 DEBUG   SenderThread:1288 [sender.py:send():160] send: stats
2022-04-20 15:55:00,682 DEBUG   SenderThread:1288 [sender.py:send():160] send: history
2022-04-20 15:55:00,682 DEBUG   SenderThread:1288 [sender.py:send():160] send: summary
2022-04-20 15:55:00,683 INFO    SenderThread:1288 [sender.py:_save_file():781] saving file wandb-summary.json with policy end
2022-04-20 15:55:07,644 DEBUG   SenderThread:1288 [sender.py:send():160] send: history
2022-04-20 15:55:07,644 DEBUG   SenderThread:1288 [sender.py:send():160] send: summary
2022-04-20 15:55:07,646 INFO    SenderThread:1288 [sender.py:_save_file():781] saving file wandb-summary.json with policy end
2022-04-20 15:55:11,843 DEBUG   HandlerThread:1288 [handler.py:handle_request():120] handle_request: status
2022-04-20 15:55:11,843 DEBUG   SenderThread:1288 [sender.py:send():160] send: request
2022-04-20 15:55:11,845 DEBUG   SenderThread:1288 [sender.py:send_request():169] send_request: status
2022-04-20 15:55:19,894 DEBUG   SenderThread:1288 [sender.py:send():160] send: history
2022-04-20 15:55:19,894 DEBUG   SenderThread:1288 [sender.py:send():160] send: summary
2022-04-20 15:55:19,895 INFO    SenderThread:1288 [sender.py:_save_file():781] saving file wandb-summary.json with policy end
2022-04-20 15:55:27,239 DEBUG   HandlerThread:1288 [handler.py:handle_request():120] handle_request: status
2022-04-20 15:55:27,239 DEBUG   SenderThread:1288 [sender.py:send():160] send: request
2022-04-20 15:55:27,239 DEBUG   SenderThread:1288 [sender.py:send_request():169] send_request: status
2022-04-20 15:55:28,670 DEBUG   SenderThread:1288 [sender.py:send():160] send: stats
2022-04-20 15:55:31,290 DEBUG   SenderThread:1288 [sender.py:send():160] send: history
2022-04-20 15:55:31,290 DEBUG   SenderThread:1288 [sender.py:send():160] send: summary
2022-04-20 15:55:31,291 INFO    SenderThread:1288 [sender.py:_save_file():781] saving file wandb-summary.json with policy end
2022-04-20 15:55:35,558 DEBUG   SenderThread:1288 [sender.py:send():160] send: history
2022-04-20 15:55:35,559 DEBUG   SenderThread:1288 [sender.py:send():160] send: summary
2022-04-20 15:55:35,561 INFO    SenderThread:1288 [sender.py:_save_file():781] saving file wandb-summary.json with policy end
2022-04-20 15:55:41,806 DEBUG   SenderThread:1288 [sender.py:send():160] send: history
2022-04-20 15:55:41,807 DEBUG   SenderThread:1288 [sender.py:send():160] send: summary
2022-04-20 15:55:41,807 INFO    SenderThread:1288 [sender.py:_save_file():781] saving file wandb-summary.json with policy end
2022-04-20 15:55:42,589 DEBUG   HandlerThread:1288 [handler.py:handle_request():120] handle_request: status
2022-04-20 15:55:42,589 DEBUG   SenderThread:1288 [sender.py:send():160] send: request
2022-04-20 15:55:42,590 DEBUG   SenderThread:1288 [sender.py:send_request():169] send_request: status
2022-04-20 15:55:47,779 DEBUG   SenderThread:1288 [sender.py:send():160] send: history
2022-04-20 15:55:47,780 DEBUG   SenderThread:1288 [sender.py:send():160] send: summary
2022-04-20 15:55:47,795 INFO    SenderThread:1288 [sender.py:_save_file():781] saving file wandb-summary.json with policy end
2022-04-20 15:55:54,062 DEBUG   SenderThread:1288 [sender.py:send():160] send: history
2022-04-20 15:55:54,063 DEBUG   SenderThread:1288 [sender.py:send():160] send: summary
2022-04-20 15:55:54,063 INFO    SenderThread:1288 [sender.py:_save_file():781] saving file wandb-summary.json with policy end
2022-04-20 15:55:57,928 DEBUG   HandlerThread:1288 [handler.py:handle_request():120] handle_request: status
2022-04-20 15:55:57,928 DEBUG   SenderThread:1288 [sender.py:send():160] send: request
2022-04-20 15:55:57,929 DEBUG   SenderThread:1288 [sender.py:send_request():169] send_request: status
2022-04-20 15:55:58,398 DEBUG   SenderThread:1288 [sender.py:send():160] send: history
2022-04-20 15:55:58,398 DEBUG   SenderThread:1288 [sender.py:send():160] send: summary
2022-04-20 15:55:58,399 INFO    SenderThread:1288 [sender.py:_save_file():781] saving file wandb-summary.json with policy end
2022-04-20 15:55:58,888 DEBUG   SenderThread:1288 [sender.py:send():160] send: stats
2022-04-20 15:56:02,777 DEBUG   SenderThread:1288 [sender.py:send():160] send: history
2022-04-20 15:56:02,778 DEBUG   SenderThread:1288 [sender.py:send():160] send: summary
2022-04-20 15:56:02,804 INFO    SenderThread:1288 [sender.py:_save_file():781] saving file wandb-summary.json with policy end
2022-04-20 15:56:10,871 DEBUG   SenderThread:1288 [sender.py:send():160] send: history
2022-04-20 15:56:10,872 DEBUG   SenderThread:1288 [sender.py:send():160] send: summary
2022-04-20 15:56:10,873 INFO    SenderThread:1288 [sender.py:_save_file():781] saving file wandb-summary.json with policy end
2022-04-20 15:56:13,270 DEBUG   HandlerThread:1288 [handler.py:handle_request():120] handle_request: status
2022-04-20 15:56:13,270 DEBUG   SenderThread:1288 [sender.py:send():160] send: request
2022-04-20 15:56:13,271 DEBUG   SenderThread:1288 [sender.py:send_request():169] send_request: status
2022-04-20 15:56:16,192 DEBUG   SenderThread:1288 [sender.py:send():160] send: history
2022-04-20 15:56:16,193 DEBUG   SenderThread:1288 [sender.py:send():160] send: summary
2022-04-20 15:56:16,199 INFO    SenderThread:1288 [sender.py:_save_file():781] saving file wandb-summary.json with policy end
2022-04-20 15:56:22,918 DEBUG   SenderThread:1288 [sender.py:send():160] send: history
2022-04-20 15:56:22,918 DEBUG   SenderThread:1288 [sender.py:send():160] send: summary
2022-04-20 15:56:22,918 INFO    SenderThread:1288 [sender.py:_save_file():781] saving file wandb-summary.json with policy end
2022-04-20 15:56:28,608 DEBUG   HandlerThread:1288 [handler.py:handle_request():120] handle_request: status
2022-04-20 15:56:28,611 DEBUG   SenderThread:1288 [sender.py:send():160] send: request
2022-04-20 15:56:28,611 DEBUG   SenderThread:1288 [sender.py:send_request():169] send_request: status
2022-04-20 15:56:29,121 DEBUG   SenderThread:1288 [sender.py:send():160] send: stats
2022-04-20 15:56:29,211 DEBUG   SenderThread:1288 [sender.py:send():160] send: history
2022-04-20 15:56:29,212 DEBUG   SenderThread:1288 [sender.py:send():160] send: summary
2022-04-20 15:56:29,213 INFO    SenderThread:1288 [sender.py:_save_file():781] saving file wandb-summary.json with policy end
2022-04-20 15:56:33,196 DEBUG   SenderThread:1288 [sender.py:send():160] send: history
2022-04-20 15:56:33,197 DEBUG   SenderThread:1288 [sender.py:send():160] send: summary
2022-04-20 15:56:33,198 INFO    SenderThread:1288 [sender.py:_save_file():781] saving file wandb-summary.json with policy end
2022-04-20 15:56:37,074 DEBUG   SenderThread:1288 [sender.py:send():160] send: history
2022-04-20 15:56:37,074 DEBUG   SenderThread:1288 [sender.py:send():160] send: summary
2022-04-20 15:56:37,075 INFO    SenderThread:1288 [sender.py:_save_file():781] saving file wandb-summary.json with policy end
2022-04-20 15:56:41,003 DEBUG   SenderThread:1288 [sender.py:send():160] send: history
2022-04-20 15:56:41,003 DEBUG   SenderThread:1288 [sender.py:send():160] send: summary
2022-04-20 15:56:41,003 INFO    SenderThread:1288 [sender.py:_save_file():781] saving file wandb-summary.json with policy end
2022-04-20 15:56:43,946 DEBUG   HandlerThread:1288 [handler.py:handle_request():120] handle_request: status
2022-04-20 15:56:43,947 DEBUG   SenderThread:1288 [sender.py:send():160] send: request
2022-04-20 15:56:43,947 DEBUG   SenderThread:1288 [sender.py:send_request():169] send_request: status
2022-04-20 15:56:44,873 DEBUG   SenderThread:1288 [sender.py:send():160] send: history
2022-04-20 15:56:44,874 DEBUG   SenderThread:1288 [sender.py:send():160] send: summary
2022-04-20 15:56:44,874 INFO    SenderThread:1288 [sender.py:_save_file():781] saving file wandb-summary.json with policy end
2022-04-20 15:56:49,153 DEBUG   SenderThread:1288 [sender.py:send():160] send: history
2022-04-20 15:56:49,153 DEBUG   SenderThread:1288 [sender.py:send():160] send: summary
2022-04-20 15:56:49,154 INFO    SenderThread:1288 [sender.py:_save_file():781] saving file wandb-summary.json with policy end
2022-04-20 15:56:52,928 DEBUG   SenderThread:1288 [sender.py:send():160] send: history
2022-04-20 15:56:52,928 DEBUG   SenderThread:1288 [sender.py:send():160] send: summary
2022-04-20 15:56:52,929 INFO    SenderThread:1288 [sender.py:_save_file():781] saving file wandb-summary.json with policy end
2022-04-20 15:56:59,281 DEBUG   SenderThread:1288 [sender.py:send():160] send: stats
2022-04-20 15:56:59,374 DEBUG   HandlerThread:1288 [handler.py:handle_request():120] handle_request: status
2022-04-20 15:56:59,374 DEBUG   SenderThread:1288 [sender.py:send():160] send: request
2022-04-20 15:56:59,374 DEBUG   SenderThread:1288 [sender.py:send_request():169] send_request: status
2022-04-20 15:57:01,190 DEBUG   SenderThread:1288 [sender.py:send():160] send: history
2022-04-20 15:57:01,191 DEBUG   SenderThread:1288 [sender.py:send():160] send: summary
2022-04-20 15:57:01,199 INFO    SenderThread:1288 [sender.py:_save_file():781] saving file wandb-summary.json with policy end
2022-04-20 15:57:09,142 DEBUG   SenderThread:1288 [sender.py:send():160] send: history
2022-04-20 15:57:09,142 DEBUG   SenderThread:1288 [sender.py:send():160] send: summary
2022-04-20 15:57:09,143 INFO    SenderThread:1288 [sender.py:_save_file():781] saving file wandb-summary.json with policy end
2022-04-20 15:57:14,754 DEBUG   HandlerThread:1288 [handler.py:handle_request():120] handle_request: status
2022-04-20 15:57:14,754 DEBUG   SenderThread:1288 [sender.py:send():160] send: request
2022-04-20 15:57:14,755 DEBUG   SenderThread:1288 [sender.py:send_request():169] send_request: status
2022-04-20 15:57:16,999 DEBUG   SenderThread:1288 [sender.py:send():160] send: history
2022-04-20 15:57:16,999 DEBUG   SenderThread:1288 [sender.py:send():160] send: summary
2022-04-20 15:57:17,000 INFO    SenderThread:1288 [sender.py:_save_file():781] saving file wandb-summary.json with policy end
2022-04-20 15:57:24,817 DEBUG   SenderThread:1288 [sender.py:send():160] send: history
2022-04-20 15:57:24,817 DEBUG   SenderThread:1288 [sender.py:send():160] send: summary
2022-04-20 15:57:24,818 INFO    SenderThread:1288 [sender.py:_save_file():781] saving file wandb-summary.json with policy end
2022-04-20 15:57:29,498 DEBUG   SenderThread:1288 [sender.py:send():160] send: stats
2022-04-20 15:57:30,120 DEBUG   HandlerThread:1288 [handler.py:handle_request():120] handle_request: status
2022-04-20 15:57:30,121 DEBUG   SenderThread:1288 [sender.py:send():160] send: request
2022-04-20 15:57:30,121 DEBUG   SenderThread:1288 [sender.py:send_request():169] send_request: status
2022-04-20 15:57:30,443 DEBUG   SenderThread:1288 [sender.py:send():160] send: history
2022-04-20 15:57:30,444 DEBUG   SenderThread:1288 [sender.py:send():160] send: summary
2022-04-20 15:57:30,445 INFO    SenderThread:1288 [sender.py:_save_file():781] saving file wandb-summary.json with policy end
2022-04-20 15:57:35,756 DEBUG   SenderThread:1288 [sender.py:send():160] send: history
2022-04-20 15:57:35,756 DEBUG   SenderThread:1288 [sender.py:send():160] send: summary
2022-04-20 15:57:35,757 INFO    SenderThread:1288 [sender.py:_save_file():781] saving file wandb-summary.json with policy end
2022-04-20 15:57:42,947 DEBUG   SenderThread:1288 [sender.py:send():160] send: history
2022-04-20 15:57:42,947 DEBUG   SenderThread:1288 [sender.py:send():160] send: summary
2022-04-20 15:57:42,948 INFO    SenderThread:1288 [sender.py:_save_file():781] saving file wandb-summary.json with policy end
2022-04-20 15:57:45,445 DEBUG   HandlerThread:1288 [handler.py:handle_request():120] handle_request: status
2022-04-20 15:57:45,445 DEBUG   SenderThread:1288 [sender.py:send():160] send: request
2022-04-20 15:57:45,445 DEBUG   SenderThread:1288 [sender.py:send_request():169] send_request: status
2022-04-20 15:57:47,984 DEBUG   SenderThread:1288 [sender.py:send():160] send: history
2022-04-20 15:57:47,984 DEBUG   SenderThread:1288 [sender.py:send():160] send: summary
2022-04-20 15:57:47,984 INFO    SenderThread:1288 [sender.py:_save_file():781] saving file wandb-summary.json with policy end
2022-04-20 15:57:53,862 DEBUG   SenderThread:1288 [sender.py:send():160] send: history
2022-04-20 15:57:53,862 DEBUG   SenderThread:1288 [sender.py:send():160] send: summary
2022-04-20 15:57:53,862 INFO    SenderThread:1288 [sender.py:_save_file():781] saving file wandb-summary.json with policy end
2022-04-20 15:57:59,702 DEBUG   SenderThread:1288 [sender.py:send():160] send: stats
2022-04-20 15:57:59,707 DEBUG   SenderThread:1288 [sender.py:send():160] send: history
2022-04-20 15:57:59,707 DEBUG   SenderThread:1288 [sender.py:send():160] send: summary
2022-04-20 15:57:59,708 INFO    SenderThread:1288 [sender.py:_save_file():781] saving file wandb-summary.json with policy end
2022-04-20 15:58:00,759 DEBUG   HandlerThread:1288 [handler.py:handle_request():120] handle_request: status
2022-04-20 15:58:00,759 DEBUG   SenderThread:1288 [sender.py:send():160] send: request
2022-04-20 15:58:00,759 DEBUG   SenderThread:1288 [sender.py:send_request():169] send_request: status
2022-04-20 15:58:34,593 ERROR   SenderThread:1288 [retry.py:__call__():111] Retry attempt failed:
Traceback (most recent call last):
  File "/opt/conda/lib/python3.6/site-packages/urllib3/connectionpool.py", line 426, in _make_request
    six.raise_from(e, None)
  File "<string>", line 3, in raise_from
  File "/opt/conda/lib/python3.6/site-packages/urllib3/connectionpool.py", line 421, in _make_request
    httplib_response = conn.getresponse()
  File "/opt/conda/lib/python3.6/http/client.py", line 1354, in getresponse
    response.begin()
  File "/opt/conda/lib/python3.6/http/client.py", line 307, in begin
    version, status, reason = self._read_status()
  File "/opt/conda/lib/python3.6/http/client.py", line 268, in _read_status
    line = str(self.fp.readline(_MAXLINE + 1), "iso-8859-1")
  File "/opt/conda/lib/python3.6/socket.py", line 586, in readinto
    return self._sock.recv_into(b)
  File "/opt/conda/lib/python3.6/ssl.py", line 1012, in recv_into
    return self.read(nbytes, buffer)
  File "/opt/conda/lib/python3.6/ssl.py", line 874, in read
    return self._sslobj.read(len, buffer)
  File "/opt/conda/lib/python3.6/ssl.py", line 631, in read
    v = self._sslobj.read(len, buffer)
socket.timeout: The read operation timed out

During handling of the above exception, another exception occurred:

Traceback (most recent call last):
  File "/opt/conda/lib/python3.6/site-packages/requests/adapters.py", line 449, in send
    timeout=timeout
  File "/opt/conda/lib/python3.6/site-packages/urllib3/connectionpool.py", line 727, in urlopen
    method, url, error=e, _pool=self, _stacktrace=sys.exc_info()[2]
  File "/opt/conda/lib/python3.6/site-packages/urllib3/util/retry.py", line 410, in increment
    raise six.reraise(type(error), error, _stacktrace)
  File "/opt/conda/lib/python3.6/site-packages/urllib3/packages/six.py", line 735, in reraise
    raise value
  File "/opt/conda/lib/python3.6/site-packages/urllib3/connectionpool.py", line 677, in urlopen
    chunked=chunked,
  File "/opt/conda/lib/python3.6/site-packages/urllib3/connectionpool.py", line 428, in _make_request
    self._raise_timeout(err=e, url=url, timeout_value=read_timeout)
  File "/opt/conda/lib/python3.6/site-packages/urllib3/connectionpool.py", line 336, in _raise_timeout
    self, url, "Read timed out. (read timeout=%s)" % timeout_value
urllib3.exceptions.ReadTimeoutError: HTTPSConnectionPool(host='api.wandb.ai', port=443): Read timed out. (read timeout=10)

During handling of the above exception, another exception occurred:

Traceback (most recent call last):
  File "/opt/conda/lib/python3.6/site-packages/wandb/old/retry.py", line 96, in __call__
    result = self._call_fn(*args, **kwargs)
  File "/opt/conda/lib/python3.6/site-packages/wandb/sdk/internal/internal_api.py", line 124, in execute
    return self.client.execute(*args, **kwargs)
  File "/opt/conda/lib/python3.6/site-packages/wandb/vendor/gql-0.2.0/gql/client.py", line 52, in execute
    result = self._get_result(document, *args, **kwargs)
  File "/opt/conda/lib/python3.6/site-packages/wandb/vendor/gql-0.2.0/gql/client.py", line 60, in _get_result
    return self.transport.execute(document, *args, **kwargs)
  File "/opt/conda/lib/python3.6/site-packages/wandb/vendor/gql-0.2.0/gql/transport/requests.py", line 38, in execute
    request = requests.post(self.url, **post_args)
  File "/opt/conda/lib/python3.6/site-packages/requests/api.py", line 119, in post
    return request('post', url, data=data, json=json, **kwargs)
  File "/opt/conda/lib/python3.6/site-packages/requests/api.py", line 61, in request
    return session.request(method=method, url=url, **kwargs)
  File "/opt/conda/lib/python3.6/site-packages/requests/sessions.py", line 530, in request
    resp = self.send(prep, **send_kwargs)
  File "/opt/conda/lib/python3.6/site-packages/requests/sessions.py", line 643, in send
    r = adapter.send(request, **kwargs)
  File "/opt/conda/lib/python3.6/site-packages/requests/adapters.py", line 529, in send
    raise ReadTimeout(e, request=request)
requests.exceptions.ReadTimeout: HTTPSConnectionPool(host='api.wandb.ai', port=443): Read timed out. (read timeout=10)
2022-04-20 15:59:18,014 WARNING MainThread:1288 [internal.py:wandb_internal():146] Internal process interrupt: 1
2022-04-20 15:59:20,032 DEBUG   HandlerThread:1288 [handler.py:handle_request():120] handle_request: poll_exit
2022-04-20 15:59:29,554 DEBUG   SenderThread:1288 [sender.py:send():160] send: history
2022-04-20 15:59:29,555 DEBUG   SenderThread:1288 [sender.py:send():160] send: summary
2022-04-20 15:59:29,557 INFO    SenderThread:1288 [sender.py:_save_file():781] saving file wandb-summary.json with policy end
2022-04-20 15:59:29,558 DEBUG   SenderThread:1288 [sender.py:send():160] send: history
2022-04-20 15:59:29,558 DEBUG   SenderThread:1288 [sender.py:send():160] send: summary
2022-04-20 15:59:29,558 INFO    SenderThread:1288 [sender.py:_save_file():781] saving file wandb-summary.json with policy end
2022-04-20 15:59:29,558 DEBUG   SenderThread:1288 [sender.py:send():160] send: history
2022-04-20 15:59:29,559 DEBUG   SenderThread:1288 [sender.py:send():160] send: summary
2022-04-20 15:59:29,559 INFO    SenderThread:1288 [sender.py:_save_file():781] saving file wandb-summary.json with policy end
2022-04-20 15:59:29,559 DEBUG   SenderThread:1288 [sender.py:send():160] send: history
2022-04-20 15:59:29,560 DEBUG   SenderThread:1288 [sender.py:send():160] send: summary
2022-04-20 15:59:29,560 INFO    SenderThread:1288 [sender.py:_save_file():781] saving file wandb-summary.json with policy end
2022-04-20 15:59:29,560 DEBUG   SenderThread:1288 [sender.py:send():160] send: history
2022-04-20 15:59:29,560 DEBUG   SenderThread:1288 [sender.py:send():160] send: summary
2022-04-20 15:59:29,561 INFO    SenderThread:1288 [sender.py:_save_file():781] saving file wandb-summary.json with policy end
2022-04-20 15:59:29,561 DEBUG   SenderThread:1288 [sender.py:send():160] send: history
2022-04-20 15:59:29,562 DEBUG   SenderThread:1288 [sender.py:send():160] send: summary
2022-04-20 15:59:29,562 INFO    SenderThread:1288 [sender.py:_save_file():781] saving file wandb-summary.json with policy end
2022-04-20 15:59:29,562 DEBUG   SenderThread:1288 [sender.py:send():160] send: history
2022-04-20 15:59:29,562 DEBUG   SenderThread:1288 [sender.py:send():160] send: summary
2022-04-20 15:59:29,562 INFO    SenderThread:1288 [sender.py:_save_file():781] saving file wandb-summary.json with policy end
2022-04-20 15:59:29,563 DEBUG   SenderThread:1288 [sender.py:send():160] send: stats
2022-04-20 15:59:29,563 DEBUG   SenderThread:1288 [sender.py:send():160] send: history
2022-04-20 15:59:29,563 DEBUG   SenderThread:1288 [sender.py:send():160] send: summary
2022-04-20 15:59:29,563 INFO    SenderThread:1288 [sender.py:_save_file():781] saving file wandb-summary.json with policy end
2022-04-20 15:59:29,564 DEBUG   SenderThread:1288 [sender.py:send():160] send: history
2022-04-20 15:59:29,564 DEBUG   SenderThread:1288 [sender.py:send():160] send: summary
2022-04-20 15:59:29,564 INFO    SenderThread:1288 [sender.py:_save_file():781] saving file wandb-summary.json with policy end
2022-04-20 15:59:29,564 DEBUG   SenderThread:1288 [sender.py:send():160] send: history
2022-04-20 15:59:29,565 DEBUG   SenderThread:1288 [sender.py:send():160] send: summary
2022-04-20 15:59:29,565 INFO    SenderThread:1288 [sender.py:_save_file():781] saving file wandb-summary.json with policy end
2022-04-20 15:59:29,565 DEBUG   SenderThread:1288 [sender.py:send():160] send: history
2022-04-20 15:59:29,565 DEBUG   SenderThread:1288 [sender.py:send():160] send: summary
2022-04-20 15:59:29,565 INFO    SenderThread:1288 [sender.py:_save_file():781] saving file wandb-summary.json with policy end
2022-04-20 15:59:29,566 DEBUG   SenderThread:1288 [sender.py:send():160] send: history
2022-04-20 15:59:29,566 DEBUG   SenderThread:1288 [sender.py:send():160] send: summary
2022-04-20 15:59:29,566 INFO    SenderThread:1288 [sender.py:_save_file():781] saving file wandb-summary.json with policy end
2022-04-20 15:59:29,567 DEBUG   SenderThread:1288 [sender.py:send():160] send: stats
2022-04-20 15:59:29,567 DEBUG   SenderThread:1288 [sender.py:send():160] send: history
2022-04-20 15:59:29,567 DEBUG   SenderThread:1288 [sender.py:send():160] send: summary
2022-04-20 15:59:29,568 INFO    SenderThread:1288 [sender.py:_save_file():781] saving file wandb-summary.json with policy end
2022-04-20 15:59:29,568 DEBUG   SenderThread:1288 [sender.py:send():160] send: history
2022-04-20 15:59:29,568 DEBUG   SenderThread:1288 [sender.py:send():160] send: summary
2022-04-20 15:59:29,569 INFO    SenderThread:1288 [sender.py:_save_file():781] saving file wandb-summary.json with policy end
2022-04-20 15:59:29,569 DEBUG   SenderThread:1288 [sender.py:send():160] send: history
2022-04-20 15:59:29,569 DEBUG   SenderThread:1288 [sender.py:send():160] send: summary
2022-04-20 15:59:29,569 INFO    SenderThread:1288 [sender.py:_save_file():781] saving file wandb-summary.json with policy end
2022-04-20 15:59:29,570 DEBUG   SenderThread:1288 [sender.py:send():160] send: history
2022-04-20 15:59:29,570 DEBUG   SenderThread:1288 [sender.py:send():160] send: summary
2022-04-20 15:59:29,570 INFO    SenderThread:1288 [sender.py:_save_file():781] saving file wandb-summary.json with policy end
2022-04-20 15:59:29,570 DEBUG   SenderThread:1288 [sender.py:send():160] send: telemetry
